{
  "numTotalTestSuites": 71,
  "numPassedTestSuites": 71,
  "numFailedTestSuites": 0,
  "numPendingTestSuites": 0,
  "numTotalTests": 139,
  "numPassedTests": 139,
  "numFailedTests": 0,
  "numPendingTests": 0,
  "numTodoTests": 0,
  "snapshot": {
    "added": 0,
    "failure": false,
    "filesAdded": 0,
    "filesRemoved": 0,
    "filesRemovedList": [],
    "filesUnmatched": 0,
    "filesUpdated": 0,
    "matched": 0,
    "total": 0,
    "unchecked": 0,
    "uncheckedKeysByFile": [],
    "unmatched": 0,
    "updated": 0,
    "didUpdate": false
  },
  "startTime": 1762446530538,
  "success": true,
  "testResults": [
    {
      "assertionResults": [
        {
          "ancestorTitles": ["isAdult"],
          "fullName": "isAdult should return true for age 18 and above",
          "status": "passed",
          "title": "should return true for age 18 and above",
          "duration": 0.48329200000000583,
          "failureMessages": [],
          "meta": {}
        },
        {
          "ancestorTitles": ["isAdult"],
          "fullName": "isAdult should return false for age below 18",
          "status": "passed",
          "title": "should return false for age below 18",
          "duration": 0.14808400000001143,
          "failureMessages": [],
          "meta": {}
        }
      ],
      "startTime": 1762446531193,
      "endTime": 1762446531193.4834,
      "status": "passed",
      "message": "",
      "name": "/Users/andrewlyttle/Documents/Engineering-Academy/Job-Application-App/team3-job-app-frontend/src/utils.test.ts"
    },
    {
      "assertionResults": [
        {
          "ancestorTitles": [
            "Admin-Protected Routes Integration Tests",
            "Job Admin Routes - POST /jobs/job"
          ],
          "fullName": "Admin-Protected Routes Integration Tests Job Admin Routes - POST /jobs/job should return error when creating job without authentication",
          "status": "passed",
          "title": "should return error when creating job without authentication",
          "duration": 12.871666000000005,
          "failureMessages": [],
          "meta": {}
        },
        {
          "ancestorTitles": [
            "Admin-Protected Routes Integration Tests",
            "Job Admin Routes - POST /jobs/job"
          ],
          "fullName": "Admin-Protected Routes Integration Tests Job Admin Routes - POST /jobs/job should reject job creation with invalid token",
          "status": "passed",
          "title": "should reject job creation with invalid token",
          "duration": 1.6369169999999826,
          "failureMessages": [],
          "meta": {}
        },
        {
          "ancestorTitles": [
            "Admin-Protected Routes Integration Tests",
            "Job Admin Routes - POST /jobs/job"
          ],
          "fullName": "Admin-Protected Routes Integration Tests Job Admin Routes - POST /jobs/job job creation should require all required fields",
          "status": "passed",
          "title": "job creation should require all required fields",
          "duration": 2.5090830000000324,
          "failureMessages": [],
          "meta": {}
        },
        {
          "ancestorTitles": [
            "Admin-Protected Routes Integration Tests",
            "Job Admin Routes - POST /jobs/job"
          ],
          "fullName": "Admin-Protected Routes Integration Tests Job Admin Routes - POST /jobs/job should validate job creation payload structure",
          "status": "passed",
          "title": "should validate job creation payload structure",
          "duration": 0.2847500000000309,
          "failureMessages": [],
          "meta": {}
        },
        {
          "ancestorTitles": [
            "Admin-Protected Routes Integration Tests",
            "Job Admin Routes - DELETE /jobs/:id"
          ],
          "fullName": "Admin-Protected Routes Integration Tests Job Admin Routes - DELETE /jobs/:id should return error when deleting job without authentication",
          "status": "passed",
          "title": "should return error when deleting job without authentication",
          "duration": 1.7707080000000133,
          "failureMessages": [],
          "meta": {}
        },
        {
          "ancestorTitles": [
            "Admin-Protected Routes Integration Tests",
            "Job Admin Routes - DELETE /jobs/:id"
          ],
          "fullName": "Admin-Protected Routes Integration Tests Job Admin Routes - DELETE /jobs/:id should reject deletion with invalid token",
          "status": "passed",
          "title": "should reject deletion with invalid token",
          "duration": 2.4462499999999636,
          "failureMessages": [],
          "meta": {}
        },
        {
          "ancestorTitles": [
            "Admin-Protected Routes Integration Tests",
            "Job Admin Routes - PUT /jobs/:id"
          ],
          "fullName": "Admin-Protected Routes Integration Tests Job Admin Routes - PUT /jobs/:id should return error when updating job without authentication",
          "status": "passed",
          "title": "should return error when updating job without authentication",
          "duration": 1.6787080000000287,
          "failureMessages": [],
          "meta": {}
        },
        {
          "ancestorTitles": [
            "Admin-Protected Routes Integration Tests",
            "Job Admin Routes - PUT /jobs/:id"
          ],
          "fullName": "Admin-Protected Routes Integration Tests Job Admin Routes - PUT /jobs/:id should reject update with invalid token",
          "status": "passed",
          "title": "should reject update with invalid token",
          "duration": 1.704499999999996,
          "failureMessages": [],
          "meta": {}
        },
        {
          "ancestorTitles": [
            "Admin-Protected Routes Integration Tests",
            "Application Admin Routes - GET /applications"
          ],
          "fullName": "Admin-Protected Routes Integration Tests Application Admin Routes - GET /applications should return error when accessing admin endpoint without authentication",
          "status": "passed",
          "title": "should return error when accessing admin endpoint without authentication",
          "duration": 1.521208999999999,
          "failureMessages": [],
          "meta": {}
        },
        {
          "ancestorTitles": [
            "Admin-Protected Routes Integration Tests",
            "Application Admin Routes - GET /applications"
          ],
          "fullName": "Admin-Protected Routes Integration Tests Application Admin Routes - GET /applications should reject access with invalid token",
          "status": "passed",
          "title": "should reject access with invalid token",
          "duration": 1.7651250000000118,
          "failureMessages": [],
          "meta": {}
        },
        {
          "ancestorTitles": [
            "Admin-Protected Routes Integration Tests",
            "Application Admin Routes - GET /applications/:id"
          ],
          "fullName": "Admin-Protected Routes Integration Tests Application Admin Routes - GET /applications/:id should return error when accessing admin endpoint without authentication",
          "status": "passed",
          "title": "should return error when accessing admin endpoint without authentication",
          "duration": 1.601541999999995,
          "failureMessages": [],
          "meta": {}
        },
        {
          "ancestorTitles": [
            "Admin-Protected Routes Integration Tests",
            "Application Admin Routes - GET /applications/:id"
          ],
          "fullName": "Admin-Protected Routes Integration Tests Application Admin Routes - GET /applications/:id should reject access with invalid token",
          "status": "passed",
          "title": "should reject access with invalid token",
          "duration": 1.3114999999999668,
          "failureMessages": [],
          "meta": {}
        },
        {
          "ancestorTitles": [
            "Admin-Protected Routes Integration Tests",
            "Application Admin Routes - GET /applications/:id/details"
          ],
          "fullName": "Admin-Protected Routes Integration Tests Application Admin Routes - GET /applications/:id/details should return error when accessing admin endpoint without authentication",
          "status": "passed",
          "title": "should return error when accessing admin endpoint without authentication",
          "duration": 1.298249999999996,
          "failureMessages": [],
          "meta": {}
        },
        {
          "ancestorTitles": [
            "Admin-Protected Routes Integration Tests",
            "Application Admin Routes - GET /applications-with-roles"
          ],
          "fullName": "Admin-Protected Routes Integration Tests Application Admin Routes - GET /applications-with-roles should return error when accessing admin endpoint without authentication",
          "status": "passed",
          "title": "should return error when accessing admin endpoint without authentication",
          "duration": 1.5380420000000186,
          "failureMessages": [],
          "meta": {}
        },
        {
          "ancestorTitles": [
            "Admin-Protected Routes Integration Tests",
            "Application Admin Routes - GET /applications-with-roles"
          ],
          "fullName": "Admin-Protected Routes Integration Tests Application Admin Routes - GET /applications-with-roles should reject access with invalid token",
          "status": "passed",
          "title": "should reject access with invalid token",
          "duration": 1.608000000000004,
          "failureMessages": [],
          "meta": {}
        },
        {
          "ancestorTitles": [
            "Admin-Protected Routes Integration Tests",
            "Application Admin Routes - GET /applications/job-role/:jobRoleId"
          ],
          "fullName": "Admin-Protected Routes Integration Tests Application Admin Routes - GET /applications/job-role/:jobRoleId should return error when accessing admin endpoint without authentication",
          "status": "passed",
          "title": "should return error when accessing admin endpoint without authentication",
          "duration": 2.7639159999999947,
          "failureMessages": [],
          "meta": {}
        },
        {
          "ancestorTitles": [
            "Admin-Protected Routes Integration Tests",
            "Application Admin Routes - GET /applications/job-role/:jobRoleId"
          ],
          "fullName": "Admin-Protected Routes Integration Tests Application Admin Routes - GET /applications/job-role/:jobRoleId should reject access with invalid token",
          "status": "passed",
          "title": "should reject access with invalid token",
          "duration": 2.3444999999999823,
          "failureMessages": [],
          "meta": {}
        },
        {
          "ancestorTitles": [
            "Admin-Protected Routes Integration Tests",
            "Application Admin Routes - PUT /applications/:id/status"
          ],
          "fullName": "Admin-Protected Routes Integration Tests Application Admin Routes - PUT /applications/:id/status should return error when updating status without authentication",
          "status": "passed",
          "title": "should return error when updating status without authentication",
          "duration": 1.9856660000000375,
          "failureMessages": [],
          "meta": {}
        },
        {
          "ancestorTitles": [
            "Admin-Protected Routes Integration Tests",
            "Application Admin Routes - PUT /applications/:id/status"
          ],
          "fullName": "Admin-Protected Routes Integration Tests Application Admin Routes - PUT /applications/:id/status should reject update with invalid token",
          "status": "passed",
          "title": "should reject update with invalid token",
          "duration": 1.5048340000000167,
          "failureMessages": [],
          "meta": {}
        },
        {
          "ancestorTitles": [
            "Admin-Protected Routes Integration Tests",
            "Application Admin Routes - PUT /applications/:id/hire"
          ],
          "fullName": "Admin-Protected Routes Integration Tests Application Admin Routes - PUT /applications/:id/hire should return error when hiring without authentication",
          "status": "passed",
          "title": "should return error when hiring without authentication",
          "duration": 1.0419579999999655,
          "failureMessages": [],
          "meta": {}
        },
        {
          "ancestorTitles": [
            "Admin-Protected Routes Integration Tests",
            "Application Admin Routes - PUT /applications/:id/hire"
          ],
          "fullName": "Admin-Protected Routes Integration Tests Application Admin Routes - PUT /applications/:id/hire should reject request with invalid token",
          "status": "passed",
          "title": "should reject request with invalid token",
          "duration": 1.3660409999999956,
          "failureMessages": [],
          "meta": {}
        },
        {
          "ancestorTitles": [
            "Admin-Protected Routes Integration Tests",
            "Application Admin Routes - PUT /applications/:id/reject"
          ],
          "fullName": "Admin-Protected Routes Integration Tests Application Admin Routes - PUT /applications/:id/reject should return error when rejecting without authentication",
          "status": "passed",
          "title": "should return error when rejecting without authentication",
          "duration": 0.9797919999999749,
          "failureMessages": [],
          "meta": {}
        },
        {
          "ancestorTitles": [
            "Admin-Protected Routes Integration Tests",
            "Application Admin Routes - PUT /applications/:id/reject"
          ],
          "fullName": "Admin-Protected Routes Integration Tests Application Admin Routes - PUT /applications/:id/reject should reject request with invalid token",
          "status": "passed",
          "title": "should reject request with invalid token",
          "duration": 1.0852080000000228,
          "failureMessages": [],
          "meta": {}
        },
        {
          "ancestorTitles": [
            "Admin-Protected Routes Integration Tests",
            "Application Admin Routes - GET /analytics/applications"
          ],
          "fullName": "Admin-Protected Routes Integration Tests Application Admin Routes - GET /analytics/applications should return error when accessing analytics without authentication",
          "status": "passed",
          "title": "should return error when accessing analytics without authentication",
          "duration": 0.7200840000000426,
          "failureMessages": [],
          "meta": {}
        },
        {
          "ancestorTitles": [
            "Admin-Protected Routes Integration Tests",
            "Application Admin Routes - GET /analytics/applications"
          ],
          "fullName": "Admin-Protected Routes Integration Tests Application Admin Routes - GET /analytics/applications should reject access with invalid token",
          "status": "passed",
          "title": "should reject access with invalid token",
          "duration": 0.5806249999999977,
          "failureMessages": [],
          "meta": {}
        },
        {
          "ancestorTitles": [
            "Admin-Protected Routes Integration Tests",
            "Public Routes - Authorization Not Required"
          ],
          "fullName": "Admin-Protected Routes Integration Tests Public Routes - Authorization Not Required should allow access to GET /jobs without authentication",
          "status": "passed",
          "title": "should allow access to GET /jobs without authentication",
          "duration": 1.2647499999999923,
          "failureMessages": [],
          "meta": {}
        },
        {
          "ancestorTitles": [
            "Admin-Protected Routes Integration Tests",
            "Public Routes - Authorization Not Required"
          ],
          "fullName": "Admin-Protected Routes Integration Tests Public Routes - Authorization Not Required should allow access to GET /capabilities without authentication",
          "status": "passed",
          "title": "should allow access to GET /capabilities without authentication",
          "duration": 1.0090830000000324,
          "failureMessages": [],
          "meta": {}
        },
        {
          "ancestorTitles": [
            "Admin-Protected Routes Integration Tests",
            "Public Routes - Authorization Not Required"
          ],
          "fullName": "Admin-Protected Routes Integration Tests Public Routes - Authorization Not Required should allow access to GET /bands without authentication",
          "status": "passed",
          "title": "should allow access to GET /bands without authentication",
          "duration": 1.233542,
          "failureMessages": [],
          "meta": {}
        },
        {
          "ancestorTitles": [
            "Admin-Protected Routes Integration Tests",
            "Public Routes - Authorization Not Required"
          ],
          "fullName": "Admin-Protected Routes Integration Tests Public Routes - Authorization Not Required should allow access to GET /statuses without authentication",
          "status": "passed",
          "title": "should allow access to GET /statuses without authentication",
          "duration": 0.7565829999999778,
          "failureMessages": [],
          "meta": {}
        },
        {
          "ancestorTitles": [
            "Admin-Protected Routes Integration Tests",
            "Public Routes - Authorization Not Required"
          ],
          "fullName": "Admin-Protected Routes Integration Tests Public Routes - Authorization Not Required should allow posting applications without authentication",
          "status": "passed",
          "title": "should allow posting applications without authentication",
          "duration": 1.070291999999995,
          "failureMessages": [],
          "meta": {}
        },
        {
          "ancestorTitles": [
            "Admin-Protected Routes Integration Tests",
            "Public Routes - Authorization Not Required"
          ],
          "fullName": "Admin-Protected Routes Integration Tests Public Routes - Authorization Not Required should allow retrieving applications by email without authentication",
          "status": "passed",
          "title": "should allow retrieving applications by email without authentication",
          "duration": 1.1459590000000048,
          "failureMessages": [],
          "meta": {}
        },
        {
          "ancestorTitles": [
            "Admin-Protected Routes Integration Tests",
            "Authorization vs Authentication"
          ],
          "fullName": "Admin-Protected Routes Integration Tests Authorization vs Authentication authenticated request should include authorization header",
          "status": "passed",
          "title": "authenticated request should include authorization header",
          "duration": 0.12454199999996263,
          "failureMessages": [],
          "meta": {}
        },
        {
          "ancestorTitles": [
            "Admin-Protected Routes Integration Tests",
            "Authorization vs Authentication"
          ],
          "fullName": "Admin-Protected Routes Integration Tests Authorization vs Authentication unauthenticated request should not include authorization header",
          "status": "passed",
          "title": "unauthenticated request should not include authorization header",
          "duration": 0.06179200000002538,
          "failureMessages": [],
          "meta": {}
        }
      ],
      "startTime": 1762446530965,
      "endTime": 1762446531022.146,
      "status": "passed",
      "message": "",
      "name": "/Users/andrewlyttle/Documents/Engineering-Academy/Job-Application-App/team3-job-app-frontend/tests-integration/admin-routes.integration.spec.ts"
    },
    {
      "assertionResults": [
        {
          "ancestorTitles": ["Job Routes Integration Tests", "GET /jobs"],
          "fullName": "Job Routes Integration Tests GET /jobs should return a list of jobs",
          "status": "passed",
          "title": "should return a list of jobs",
          "duration": 11.909749999999974,
          "failureMessages": [],
          "meta": {}
        },
        {
          "ancestorTitles": ["Job Routes Integration Tests", "GET /jobs"],
          "fullName": "Job Routes Integration Tests GET /jobs should return jobs with all required fields",
          "status": "passed",
          "title": "should return jobs with all required fields",
          "duration": 1.86099999999999,
          "failureMessages": [],
          "meta": {}
        },
        {
          "ancestorTitles": ["Job Routes Integration Tests", "GET /jobs"],
          "fullName": "Job Routes Integration Tests GET /jobs should handle query parameters for sorting and pagination",
          "status": "passed",
          "title": "should handle query parameters for sorting and pagination",
          "duration": 2.8980829999999855,
          "failureMessages": [],
          "meta": {}
        },
        {
          "ancestorTitles": ["Job Routes Integration Tests", "GET /jobs/:id"],
          "fullName": "Job Routes Integration Tests GET /jobs/:id should return a single job by ID",
          "status": "passed",
          "title": "should return a single job by ID",
          "duration": 3.7882079999999974,
          "failureMessages": [],
          "meta": {}
        },
        {
          "ancestorTitles": ["Job Routes Integration Tests", "GET /jobs/:id"],
          "fullName": "Job Routes Integration Tests GET /jobs/:id should return 404 for non-existent job",
          "status": "passed",
          "title": "should return 404 for non-existent job",
          "duration": 2.3090830000000437,
          "failureMessages": [],
          "meta": {}
        },
        {
          "ancestorTitles": ["Job Routes Integration Tests", "GET /jobs/:id"],
          "fullName": "Job Routes Integration Tests GET /jobs/:id should return job with extended details",
          "status": "passed",
          "title": "should return job with extended details",
          "duration": 3.3773330000000215,
          "failureMessages": [],
          "meta": {}
        },
        {
          "ancestorTitles": ["Job Routes Integration Tests", "GET /capabilities"],
          "fullName": "Job Routes Integration Tests GET /capabilities should return a list of capabilities",
          "status": "passed",
          "title": "should return a list of capabilities",
          "duration": 1.9588750000000346,
          "failureMessages": [],
          "meta": {}
        },
        {
          "ancestorTitles": ["Job Routes Integration Tests", "GET /capabilities"],
          "fullName": "Job Routes Integration Tests GET /capabilities should return capabilities with id and name fields",
          "status": "passed",
          "title": "should return capabilities with id and name fields",
          "duration": 1.3517499999999814,
          "failureMessages": [],
          "meta": {}
        },
        {
          "ancestorTitles": ["Job Routes Integration Tests", "GET /bands"],
          "fullName": "Job Routes Integration Tests GET /bands should return a list of bands",
          "status": "passed",
          "title": "should return a list of bands",
          "duration": 1.4572919999999954,
          "failureMessages": [],
          "meta": {}
        },
        {
          "ancestorTitles": ["Job Routes Integration Tests", "GET /bands"],
          "fullName": "Job Routes Integration Tests GET /bands should return bands with id and name fields",
          "status": "passed",
          "title": "should return bands with id and name fields",
          "duration": 1.6650829999999814,
          "failureMessages": [],
          "meta": {}
        },
        {
          "ancestorTitles": ["Job Routes Integration Tests", "GET /statuses"],
          "fullName": "Job Routes Integration Tests GET /statuses should return a list of statuses",
          "status": "passed",
          "title": "should return a list of statuses",
          "duration": 1.082084000000009,
          "failureMessages": [],
          "meta": {}
        },
        {
          "ancestorTitles": ["Job Routes Integration Tests", "GET /statuses"],
          "fullName": "Job Routes Integration Tests GET /statuses should return statuses with expected structure",
          "status": "passed",
          "title": "should return statuses with expected structure",
          "duration": 1.6383330000000456,
          "failureMessages": [],
          "meta": {}
        },
        {
          "ancestorTitles": ["Job Routes Integration Tests", "Response Shape Consistency"],
          "fullName": "Job Routes Integration Tests Response Shape Consistency job data from list should match data from detail endpoint",
          "status": "passed",
          "title": "job data from list should match data from detail endpoint",
          "duration": 4.798207999999988,
          "failureMessages": [],
          "meta": {}
        },
        {
          "ancestorTitles": ["Job Routes Integration Tests", "Response Shape Consistency"],
          "fullName": "Job Routes Integration Tests Response Shape Consistency should return consistent data types across requests",
          "status": "passed",
          "title": "should return consistent data types across requests",
          "duration": 4.097582999999986,
          "failureMessages": [],
          "meta": {}
        },
        {
          "ancestorTitles": ["Job Routes Integration Tests", "Backend Connection"],
          "fullName": "Job Routes Integration Tests Backend Connection should be able to reach the backend",
          "status": "passed",
          "title": "should be able to reach the backend",
          "duration": 0.9198329999999828,
          "failureMessages": [],
          "meta": {}
        },
        {
          "ancestorTitles": ["Job Routes Integration Tests", "Backend Connection"],
          "fullName": "Job Routes Integration Tests Backend Connection should return proper error for invalid routes",
          "status": "passed",
          "title": "should return proper error for invalid routes",
          "duration": 0.8979170000000067,
          "failureMessages": [],
          "meta": {}
        }
      ],
      "startTime": 1762446530965,
      "endTime": 1762446531010.898,
      "status": "passed",
      "message": "",
      "name": "/Users/andrewlyttle/Documents/Engineering-Academy/Job-Application-App/team3-job-app-frontend/tests-integration/api.integration.spec.ts"
    },
    {
      "assertionResults": [
        {
          "ancestorTitles": ["Application Routes Integration Tests", "POST /applications"],
          "fullName": "Application Routes Integration Tests POST /applications should submit a new application",
          "status": "passed",
          "title": "should submit a new application",
          "duration": 13.016250000000014,
          "failureMessages": [],
          "meta": {}
        },
        {
          "ancestorTitles": ["Application Routes Integration Tests", "POST /applications"],
          "fullName": "Application Routes Integration Tests POST /applications should require jobRoleId",
          "status": "passed",
          "title": "should require jobRoleId",
          "duration": 1.74270800000005,
          "failureMessages": [],
          "meta": {}
        },
        {
          "ancestorTitles": ["Application Routes Integration Tests", "POST /applications"],
          "fullName": "Application Routes Integration Tests POST /applications should require emailAddress",
          "status": "passed",
          "title": "should require emailAddress",
          "duration": 2.7934589999999844,
          "failureMessages": [],
          "meta": {}
        },
        {
          "ancestorTitles": ["Application Routes Integration Tests", "POST /applications"],
          "fullName": "Application Routes Integration Tests POST /applications should require phoneNumber",
          "status": "passed",
          "title": "should require phoneNumber",
          "duration": 2.2964589999999703,
          "failureMessages": [],
          "meta": {}
        },
        {
          "ancestorTitles": ["Application Routes Integration Tests", "POST /applications"],
          "fullName": "Application Routes Integration Tests POST /applications should accept optional coverLetter and notes",
          "status": "passed",
          "title": "should accept optional coverLetter and notes",
          "duration": 2.396250000000009,
          "failureMessages": [],
          "meta": {}
        },
        {
          "ancestorTitles": ["Application Routes Integration Tests", "POST /applications"],
          "fullName": "Application Routes Integration Tests POST /applications should return success and applicationID on valid submission",
          "status": "passed",
          "title": "should return success and applicationID on valid submission",
          "duration": 1.573500000000024,
          "failureMessages": [],
          "meta": {}
        },
        {
          "ancestorTitles": [
            "Application Routes Integration Tests",
            "GET /applications/my-applications"
          ],
          "fullName": "Application Routes Integration Tests GET /applications/my-applications should retrieve user applications by email",
          "status": "passed",
          "title": "should retrieve user applications by email",
          "duration": 2.202500000000043,
          "failureMessages": [],
          "meta": {}
        },
        {
          "ancestorTitles": [
            "Application Routes Integration Tests",
            "GET /applications/my-applications"
          ],
          "fullName": "Application Routes Integration Tests GET /applications/my-applications should return empty array for non-existent email",
          "status": "passed",
          "title": "should return empty array for non-existent email",
          "duration": 1.7487909999999829,
          "failureMessages": [],
          "meta": {}
        },
        {
          "ancestorTitles": [
            "Application Routes Integration Tests",
            "GET /applications/my-applications"
          ],
          "fullName": "Application Routes Integration Tests GET /applications/my-applications should require email parameter",
          "status": "passed",
          "title": "should require email parameter",
          "duration": 1.4246249999999918,
          "failureMessages": [],
          "meta": {}
        },
        {
          "ancestorTitles": [
            "Application Routes Integration Tests",
            "GET /applications/my-applications"
          ],
          "fullName": "Application Routes Integration Tests GET /applications/my-applications should return applications with job details",
          "status": "passed",
          "title": "should return applications with job details",
          "duration": 1.7937499999999886,
          "failureMessages": [],
          "meta": {}
        },
        {
          "ancestorTitles": [
            "Application Routes Integration Tests",
            "GET /applications/my-applications"
          ],
          "fullName": "Application Routes Integration Tests GET /applications/my-applications should handle email addresses with special characters",
          "status": "passed",
          "title": "should handle email addresses with special characters",
          "duration": 2.663000000000011,
          "failureMessages": [],
          "meta": {}
        },
        {
          "ancestorTitles": ["Application Routes Integration Tests", "Application Status"],
          "fullName": "Application Routes Integration Tests Application Status should return applications with status field",
          "status": "passed",
          "title": "should return applications with status field",
          "duration": 1.6449999999999818,
          "failureMessages": [],
          "meta": {}
        },
        {
          "ancestorTitles": ["Application Routes Integration Tests", "Application Dates"],
          "fullName": "Application Routes Integration Tests Application Dates should include application timestamps",
          "status": "passed",
          "title": "should include application timestamps",
          "duration": 1.6819169999999986,
          "failureMessages": [],
          "meta": {}
        },
        {
          "ancestorTitles": ["Application Routes Integration Tests", "Response Format Consistency"],
          "fullName": "Application Routes Integration Tests Response Format Consistency application email should match query parameter",
          "status": "passed",
          "title": "application email should match query parameter",
          "duration": 1.3866250000000377,
          "failureMessages": [],
          "meta": {}
        },
        {
          "ancestorTitles": ["Application Routes Integration Tests", "Response Format Consistency"],
          "fullName": "Application Routes Integration Tests Response Format Consistency should return consistent application structure",
          "status": "passed",
          "title": "should return consistent application structure",
          "duration": 1.3716249999999945,
          "failureMessages": [],
          "meta": {}
        },
        {
          "ancestorTitles": ["Application Routes Integration Tests", "Backend Connection"],
          "fullName": "Application Routes Integration Tests Backend Connection should properly handle application submission and retrieval",
          "status": "passed",
          "title": "should properly handle application submission and retrieval",
          "duration": 2.099207999999976,
          "failureMessages": [],
          "meta": {}
        }
      ],
      "startTime": 1762446530964,
      "endTime": 1762446531006.099,
      "status": "passed",
      "message": "",
      "name": "/Users/andrewlyttle/Documents/Engineering-Academy/Job-Application-App/team3-job-app-frontend/tests-integration/applications.integration.spec.ts"
    },
    {
      "assertionResults": [
        {
          "ancestorTitles": [
            "Admin-Protected Routes Integration Tests",
            "Job Admin Routes - POST /jobs/job"
          ],
          "fullName": "Admin-Protected Routes Integration Tests Job Admin Routes - POST /jobs/job should return error when creating job without authentication",
          "status": "passed",
          "title": "should return error when creating job without authentication",
          "duration": 12.706000000000017,
          "failureMessages": [],
          "meta": {}
        },
        {
          "ancestorTitles": [
            "Admin-Protected Routes Integration Tests",
            "Job Admin Routes - POST /jobs/job"
          ],
          "fullName": "Admin-Protected Routes Integration Tests Job Admin Routes - POST /jobs/job should reject job creation with invalid token",
          "status": "passed",
          "title": "should reject job creation with invalid token",
          "duration": 3.4968749999999886,
          "failureMessages": [],
          "meta": {}
        },
        {
          "ancestorTitles": [
            "Admin-Protected Routes Integration Tests",
            "Job Admin Routes - POST /jobs/job"
          ],
          "fullName": "Admin-Protected Routes Integration Tests Job Admin Routes - POST /jobs/job job creation should require all required fields",
          "status": "passed",
          "title": "job creation should require all required fields",
          "duration": 2.074792000000002,
          "failureMessages": [],
          "meta": {}
        },
        {
          "ancestorTitles": [
            "Admin-Protected Routes Integration Tests",
            "Job Admin Routes - POST /jobs/job"
          ],
          "fullName": "Admin-Protected Routes Integration Tests Job Admin Routes - POST /jobs/job should validate job creation payload structure",
          "status": "passed",
          "title": "should validate job creation payload structure",
          "duration": 0.3028340000000185,
          "failureMessages": [],
          "meta": {}
        },
        {
          "ancestorTitles": [
            "Admin-Protected Routes Integration Tests",
            "Job Admin Routes - DELETE /jobs/:id"
          ],
          "fullName": "Admin-Protected Routes Integration Tests Job Admin Routes - DELETE /jobs/:id should return error when deleting job without authentication",
          "status": "passed",
          "title": "should return error when deleting job without authentication",
          "duration": 1.5716669999999908,
          "failureMessages": [],
          "meta": {}
        },
        {
          "ancestorTitles": [
            "Admin-Protected Routes Integration Tests",
            "Job Admin Routes - DELETE /jobs/:id"
          ],
          "fullName": "Admin-Protected Routes Integration Tests Job Admin Routes - DELETE /jobs/:id should reject deletion with invalid token",
          "status": "passed",
          "title": "should reject deletion with invalid token",
          "duration": 2.065208000000041,
          "failureMessages": [],
          "meta": {}
        },
        {
          "ancestorTitles": [
            "Admin-Protected Routes Integration Tests",
            "Job Admin Routes - PUT /jobs/:id"
          ],
          "fullName": "Admin-Protected Routes Integration Tests Job Admin Routes - PUT /jobs/:id should return error when updating job without authentication",
          "status": "passed",
          "title": "should return error when updating job without authentication",
          "duration": 1.849917000000005,
          "failureMessages": [],
          "meta": {}
        },
        {
          "ancestorTitles": [
            "Admin-Protected Routes Integration Tests",
            "Job Admin Routes - PUT /jobs/:id"
          ],
          "fullName": "Admin-Protected Routes Integration Tests Job Admin Routes - PUT /jobs/:id should reject update with invalid token",
          "status": "passed",
          "title": "should reject update with invalid token",
          "duration": 1.8076669999999808,
          "failureMessages": [],
          "meta": {}
        },
        {
          "ancestorTitles": [
            "Admin-Protected Routes Integration Tests",
            "Application Admin Routes - GET /applications"
          ],
          "fullName": "Admin-Protected Routes Integration Tests Application Admin Routes - GET /applications should return error when accessing admin endpoint without authentication",
          "status": "passed",
          "title": "should return error when accessing admin endpoint without authentication",
          "duration": 1.3564160000000243,
          "failureMessages": [],
          "meta": {}
        },
        {
          "ancestorTitles": [
            "Admin-Protected Routes Integration Tests",
            "Application Admin Routes - GET /applications"
          ],
          "fullName": "Admin-Protected Routes Integration Tests Application Admin Routes - GET /applications should reject access with invalid token",
          "status": "passed",
          "title": "should reject access with invalid token",
          "duration": 2.1048749999999927,
          "failureMessages": [],
          "meta": {}
        },
        {
          "ancestorTitles": [
            "Admin-Protected Routes Integration Tests",
            "Application Admin Routes - GET /applications/:id"
          ],
          "fullName": "Admin-Protected Routes Integration Tests Application Admin Routes - GET /applications/:id should return error when accessing admin endpoint without authentication",
          "status": "passed",
          "title": "should return error when accessing admin endpoint without authentication",
          "duration": 1.3437920000000076,
          "failureMessages": [],
          "meta": {}
        },
        {
          "ancestorTitles": [
            "Admin-Protected Routes Integration Tests",
            "Application Admin Routes - GET /applications/:id"
          ],
          "fullName": "Admin-Protected Routes Integration Tests Application Admin Routes - GET /applications/:id should reject access with invalid token",
          "status": "passed",
          "title": "should reject access with invalid token",
          "duration": 1.5269579999999792,
          "failureMessages": [],
          "meta": {}
        },
        {
          "ancestorTitles": [
            "Admin-Protected Routes Integration Tests",
            "Application Admin Routes - GET /applications/:id/details"
          ],
          "fullName": "Admin-Protected Routes Integration Tests Application Admin Routes - GET /applications/:id/details should return error when accessing admin endpoint without authentication",
          "status": "passed",
          "title": "should return error when accessing admin endpoint without authentication",
          "duration": 1.445541999999989,
          "failureMessages": [],
          "meta": {}
        },
        {
          "ancestorTitles": [
            "Admin-Protected Routes Integration Tests",
            "Application Admin Routes - GET /applications-with-roles"
          ],
          "fullName": "Admin-Protected Routes Integration Tests Application Admin Routes - GET /applications-with-roles should return error when accessing admin endpoint without authentication",
          "status": "passed",
          "title": "should return error when accessing admin endpoint without authentication",
          "duration": 1.36770800000005,
          "failureMessages": [],
          "meta": {}
        },
        {
          "ancestorTitles": [
            "Admin-Protected Routes Integration Tests",
            "Application Admin Routes - GET /applications-with-roles"
          ],
          "fullName": "Admin-Protected Routes Integration Tests Application Admin Routes - GET /applications-with-roles should reject access with invalid token",
          "status": "passed",
          "title": "should reject access with invalid token",
          "duration": 3.209292000000005,
          "failureMessages": [],
          "meta": {}
        },
        {
          "ancestorTitles": [
            "Admin-Protected Routes Integration Tests",
            "Application Admin Routes - GET /applications/job-role/:jobRoleId"
          ],
          "fullName": "Admin-Protected Routes Integration Tests Application Admin Routes - GET /applications/job-role/:jobRoleId should return error when accessing admin endpoint without authentication",
          "status": "passed",
          "title": "should return error when accessing admin endpoint without authentication",
          "duration": 2.202875000000006,
          "failureMessages": [],
          "meta": {}
        },
        {
          "ancestorTitles": [
            "Admin-Protected Routes Integration Tests",
            "Application Admin Routes - GET /applications/job-role/:jobRoleId"
          ],
          "fullName": "Admin-Protected Routes Integration Tests Application Admin Routes - GET /applications/job-role/:jobRoleId should reject access with invalid token",
          "status": "passed",
          "title": "should reject access with invalid token",
          "duration": 2.169167000000016,
          "failureMessages": [],
          "meta": {}
        },
        {
          "ancestorTitles": [
            "Admin-Protected Routes Integration Tests",
            "Application Admin Routes - PUT /applications/:id/status"
          ],
          "fullName": "Admin-Protected Routes Integration Tests Application Admin Routes - PUT /applications/:id/status should return error when updating status without authentication",
          "status": "passed",
          "title": "should return error when updating status without authentication",
          "duration": 1.305291000000011,
          "failureMessages": [],
          "meta": {}
        },
        {
          "ancestorTitles": [
            "Admin-Protected Routes Integration Tests",
            "Application Admin Routes - PUT /applications/:id/status"
          ],
          "fullName": "Admin-Protected Routes Integration Tests Application Admin Routes - PUT /applications/:id/status should reject update with invalid token",
          "status": "passed",
          "title": "should reject update with invalid token",
          "duration": 1.1560420000000136,
          "failureMessages": [],
          "meta": {}
        },
        {
          "ancestorTitles": [
            "Admin-Protected Routes Integration Tests",
            "Application Admin Routes - PUT /applications/:id/hire"
          ],
          "fullName": "Admin-Protected Routes Integration Tests Application Admin Routes - PUT /applications/:id/hire should return error when hiring without authentication",
          "status": "passed",
          "title": "should return error when hiring without authentication",
          "duration": 0.8385829999999714,
          "failureMessages": [],
          "meta": {}
        },
        {
          "ancestorTitles": [
            "Admin-Protected Routes Integration Tests",
            "Application Admin Routes - PUT /applications/:id/hire"
          ],
          "fullName": "Admin-Protected Routes Integration Tests Application Admin Routes - PUT /applications/:id/hire should reject request with invalid token",
          "status": "passed",
          "title": "should reject request with invalid token",
          "duration": 1.178291999999999,
          "failureMessages": [],
          "meta": {}
        },
        {
          "ancestorTitles": [
            "Admin-Protected Routes Integration Tests",
            "Application Admin Routes - PUT /applications/:id/reject"
          ],
          "fullName": "Admin-Protected Routes Integration Tests Application Admin Routes - PUT /applications/:id/reject should return error when rejecting without authentication",
          "status": "passed",
          "title": "should return error when rejecting without authentication",
          "duration": 0.9793750000000045,
          "failureMessages": [],
          "meta": {}
        },
        {
          "ancestorTitles": [
            "Admin-Protected Routes Integration Tests",
            "Application Admin Routes - PUT /applications/:id/reject"
          ],
          "fullName": "Admin-Protected Routes Integration Tests Application Admin Routes - PUT /applications/:id/reject should reject request with invalid token",
          "status": "passed",
          "title": "should reject request with invalid token",
          "duration": 0.7408330000000092,
          "failureMessages": [],
          "meta": {}
        },
        {
          "ancestorTitles": [
            "Admin-Protected Routes Integration Tests",
            "Application Admin Routes - GET /analytics/applications"
          ],
          "fullName": "Admin-Protected Routes Integration Tests Application Admin Routes - GET /analytics/applications should return error when accessing analytics without authentication",
          "status": "passed",
          "title": "should return error when accessing analytics without authentication",
          "duration": 0.6321660000000406,
          "failureMessages": [],
          "meta": {}
        },
        {
          "ancestorTitles": [
            "Admin-Protected Routes Integration Tests",
            "Application Admin Routes - GET /analytics/applications"
          ],
          "fullName": "Admin-Protected Routes Integration Tests Application Admin Routes - GET /analytics/applications should reject access with invalid token",
          "status": "passed",
          "title": "should reject access with invalid token",
          "duration": 0.6655000000000086,
          "failureMessages": [],
          "meta": {}
        },
        {
          "ancestorTitles": [
            "Admin-Protected Routes Integration Tests",
            "Public Routes - Authorization Not Required"
          ],
          "fullName": "Admin-Protected Routes Integration Tests Public Routes - Authorization Not Required should allow access to GET /jobs without authentication",
          "status": "passed",
          "title": "should allow access to GET /jobs without authentication",
          "duration": 1.1404999999999745,
          "failureMessages": [],
          "meta": {}
        },
        {
          "ancestorTitles": [
            "Admin-Protected Routes Integration Tests",
            "Public Routes - Authorization Not Required"
          ],
          "fullName": "Admin-Protected Routes Integration Tests Public Routes - Authorization Not Required should allow access to GET /capabilities without authentication",
          "status": "passed",
          "title": "should allow access to GET /capabilities without authentication",
          "duration": 0.8935000000000173,
          "failureMessages": [],
          "meta": {}
        },
        {
          "ancestorTitles": [
            "Admin-Protected Routes Integration Tests",
            "Public Routes - Authorization Not Required"
          ],
          "fullName": "Admin-Protected Routes Integration Tests Public Routes - Authorization Not Required should allow access to GET /bands without authentication",
          "status": "passed",
          "title": "should allow access to GET /bands without authentication",
          "duration": 0.9563340000000267,
          "failureMessages": [],
          "meta": {}
        },
        {
          "ancestorTitles": [
            "Admin-Protected Routes Integration Tests",
            "Public Routes - Authorization Not Required"
          ],
          "fullName": "Admin-Protected Routes Integration Tests Public Routes - Authorization Not Required should allow access to GET /statuses without authentication",
          "status": "passed",
          "title": "should allow access to GET /statuses without authentication",
          "duration": 0.946708000000001,
          "failureMessages": [],
          "meta": {}
        },
        {
          "ancestorTitles": [
            "Admin-Protected Routes Integration Tests",
            "Public Routes - Authorization Not Required"
          ],
          "fullName": "Admin-Protected Routes Integration Tests Public Routes - Authorization Not Required should allow posting applications without authentication",
          "status": "passed",
          "title": "should allow posting applications without authentication",
          "duration": 1.1787919999999872,
          "failureMessages": [],
          "meta": {}
        },
        {
          "ancestorTitles": [
            "Admin-Protected Routes Integration Tests",
            "Public Routes - Authorization Not Required"
          ],
          "fullName": "Admin-Protected Routes Integration Tests Public Routes - Authorization Not Required should allow retrieving applications by email without authentication",
          "status": "passed",
          "title": "should allow retrieving applications by email without authentication",
          "duration": 1.3378339999999866,
          "failureMessages": [],
          "meta": {}
        },
        {
          "ancestorTitles": [
            "Admin-Protected Routes Integration Tests",
            "Authorization vs Authentication"
          ],
          "fullName": "Admin-Protected Routes Integration Tests Authorization vs Authentication authenticated request should include authorization header",
          "status": "passed",
          "title": "authenticated request should include authorization header",
          "duration": 0.13049999999998363,
          "failureMessages": [],
          "meta": {}
        },
        {
          "ancestorTitles": [
            "Admin-Protected Routes Integration Tests",
            "Authorization vs Authentication"
          ],
          "fullName": "Admin-Protected Routes Integration Tests Authorization vs Authentication unauthenticated request should not include authorization header",
          "status": "passed",
          "title": "unauthenticated request should not include authorization header",
          "duration": 0.06466600000004519,
          "failureMessages": [],
          "meta": {}
        }
      ],
      "startTime": 1762446530965,
      "endTime": 1762446531023.1306,
      "status": "passed",
      "message": "",
      "name": "/Users/andrewlyttle/Documents/Engineering-Academy/Job-Application-App/team3-job-app-frontend/src/services/admin-routes.integration.spec.ts"
    },
    {
      "assertionResults": [
        {
          "ancestorTitles": ["Job Routes Integration Tests", "GET /jobs"],
          "fullName": "Job Routes Integration Tests GET /jobs should return a list of jobs",
          "status": "passed",
          "title": "should return a list of jobs",
          "duration": 11.866416999999956,
          "failureMessages": [],
          "meta": {}
        },
        {
          "ancestorTitles": ["Job Routes Integration Tests", "GET /jobs"],
          "fullName": "Job Routes Integration Tests GET /jobs should return jobs with all required fields",
          "status": "passed",
          "title": "should return jobs with all required fields",
          "duration": 1.9271659999999997,
          "failureMessages": [],
          "meta": {}
        },
        {
          "ancestorTitles": ["Job Routes Integration Tests", "GET /jobs"],
          "fullName": "Job Routes Integration Tests GET /jobs should handle query parameters for sorting and pagination",
          "status": "passed",
          "title": "should handle query parameters for sorting and pagination",
          "duration": 2.6376659999999674,
          "failureMessages": [],
          "meta": {}
        },
        {
          "ancestorTitles": ["Job Routes Integration Tests", "GET /jobs/:id"],
          "fullName": "Job Routes Integration Tests GET /jobs/:id should return a single job by ID",
          "status": "passed",
          "title": "should return a single job by ID",
          "duration": 4.2590000000000146,
          "failureMessages": [],
          "meta": {}
        },
        {
          "ancestorTitles": ["Job Routes Integration Tests", "GET /jobs/:id"],
          "fullName": "Job Routes Integration Tests GET /jobs/:id should return 404 for non-existent job",
          "status": "passed",
          "title": "should return 404 for non-existent job",
          "duration": 2.3642920000000345,
          "failureMessages": [],
          "meta": {}
        },
        {
          "ancestorTitles": ["Job Routes Integration Tests", "GET /jobs/:id"],
          "fullName": "Job Routes Integration Tests GET /jobs/:id should return job with extended details",
          "status": "passed",
          "title": "should return job with extended details",
          "duration": 3.4609159999999974,
          "failureMessages": [],
          "meta": {}
        },
        {
          "ancestorTitles": ["Job Routes Integration Tests", "GET /capabilities"],
          "fullName": "Job Routes Integration Tests GET /capabilities should return a list of capabilities",
          "status": "passed",
          "title": "should return a list of capabilities",
          "duration": 1.8112499999999727,
          "failureMessages": [],
          "meta": {}
        },
        {
          "ancestorTitles": ["Job Routes Integration Tests", "GET /capabilities"],
          "fullName": "Job Routes Integration Tests GET /capabilities should return capabilities with id and name fields",
          "status": "passed",
          "title": "should return capabilities with id and name fields",
          "duration": 1.26641699999999,
          "failureMessages": [],
          "meta": {}
        },
        {
          "ancestorTitles": ["Job Routes Integration Tests", "GET /bands"],
          "fullName": "Job Routes Integration Tests GET /bands should return a list of bands",
          "status": "passed",
          "title": "should return a list of bands",
          "duration": 1.7449999999999477,
          "failureMessages": [],
          "meta": {}
        },
        {
          "ancestorTitles": ["Job Routes Integration Tests", "GET /bands"],
          "fullName": "Job Routes Integration Tests GET /bands should return bands with id and name fields",
          "status": "passed",
          "title": "should return bands with id and name fields",
          "duration": 1.7218750000000114,
          "failureMessages": [],
          "meta": {}
        },
        {
          "ancestorTitles": ["Job Routes Integration Tests", "GET /statuses"],
          "fullName": "Job Routes Integration Tests GET /statuses should return a list of statuses",
          "status": "passed",
          "title": "should return a list of statuses",
          "duration": 0.9919590000000085,
          "failureMessages": [],
          "meta": {}
        },
        {
          "ancestorTitles": ["Job Routes Integration Tests", "GET /statuses"],
          "fullName": "Job Routes Integration Tests GET /statuses should return statuses with expected structure",
          "status": "passed",
          "title": "should return statuses with expected structure",
          "duration": 1.629542000000015,
          "failureMessages": [],
          "meta": {}
        },
        {
          "ancestorTitles": ["Job Routes Integration Tests", "Response Shape Consistency"],
          "fullName": "Job Routes Integration Tests Response Shape Consistency job data from list should match data from detail endpoint",
          "status": "passed",
          "title": "job data from list should match data from detail endpoint",
          "duration": 4.661624999999958,
          "failureMessages": [],
          "meta": {}
        },
        {
          "ancestorTitles": ["Job Routes Integration Tests", "Response Shape Consistency"],
          "fullName": "Job Routes Integration Tests Response Shape Consistency should return consistent data types across requests",
          "status": "passed",
          "title": "should return consistent data types across requests",
          "duration": 3.2816250000000196,
          "failureMessages": [],
          "meta": {}
        },
        {
          "ancestorTitles": ["Job Routes Integration Tests", "Backend Connection"],
          "fullName": "Job Routes Integration Tests Backend Connection should be able to reach the backend",
          "status": "passed",
          "title": "should be able to reach the backend",
          "duration": 1.1638750000000186,
          "failureMessages": [],
          "meta": {}
        },
        {
          "ancestorTitles": ["Job Routes Integration Tests", "Backend Connection"],
          "fullName": "Job Routes Integration Tests Backend Connection should return proper error for invalid routes",
          "status": "passed",
          "title": "should return proper error for invalid routes",
          "duration": 1.2839160000000334,
          "failureMessages": [],
          "meta": {}
        }
      ],
      "startTime": 1762446530964,
      "endTime": 1762446531010.284,
      "status": "passed",
      "message": "",
      "name": "/Users/andrewlyttle/Documents/Engineering-Academy/Job-Application-App/team3-job-app-frontend/src/services/api.integration.spec.ts"
    },
    {
      "assertionResults": [
        {
          "ancestorTitles": ["Application Routes Integration Tests", "POST /applications"],
          "fullName": "Application Routes Integration Tests POST /applications should submit a new application",
          "status": "passed",
          "title": "should submit a new application",
          "duration": 13.065084000000013,
          "failureMessages": [],
          "meta": {}
        },
        {
          "ancestorTitles": ["Application Routes Integration Tests", "POST /applications"],
          "fullName": "Application Routes Integration Tests POST /applications should require jobRoleId",
          "status": "passed",
          "title": "should require jobRoleId",
          "duration": 1.8585000000000491,
          "failureMessages": [],
          "meta": {}
        },
        {
          "ancestorTitles": ["Application Routes Integration Tests", "POST /applications"],
          "fullName": "Application Routes Integration Tests POST /applications should require emailAddress",
          "status": "passed",
          "title": "should require emailAddress",
          "duration": 2.656582999999955,
          "failureMessages": [],
          "meta": {}
        },
        {
          "ancestorTitles": ["Application Routes Integration Tests", "POST /applications"],
          "fullName": "Application Routes Integration Tests POST /applications should require phoneNumber",
          "status": "passed",
          "title": "should require phoneNumber",
          "duration": 2.3546670000000063,
          "failureMessages": [],
          "meta": {}
        },
        {
          "ancestorTitles": ["Application Routes Integration Tests", "POST /applications"],
          "fullName": "Application Routes Integration Tests POST /applications should accept optional coverLetter and notes",
          "status": "passed",
          "title": "should accept optional coverLetter and notes",
          "duration": 1.992791000000011,
          "failureMessages": [],
          "meta": {}
        },
        {
          "ancestorTitles": ["Application Routes Integration Tests", "POST /applications"],
          "fullName": "Application Routes Integration Tests POST /applications should return success and applicationID on valid submission",
          "status": "passed",
          "title": "should return success and applicationID on valid submission",
          "duration": 1.7727080000000228,
          "failureMessages": [],
          "meta": {}
        },
        {
          "ancestorTitles": [
            "Application Routes Integration Tests",
            "GET /applications/my-applications"
          ],
          "fullName": "Application Routes Integration Tests GET /applications/my-applications should retrieve user applications by email",
          "status": "passed",
          "title": "should retrieve user applications by email",
          "duration": 2.019124999999974,
          "failureMessages": [],
          "meta": {}
        },
        {
          "ancestorTitles": [
            "Application Routes Integration Tests",
            "GET /applications/my-applications"
          ],
          "fullName": "Application Routes Integration Tests GET /applications/my-applications should return empty array for non-existent email",
          "status": "passed",
          "title": "should return empty array for non-existent email",
          "duration": 1.5441670000000158,
          "failureMessages": [],
          "meta": {}
        },
        {
          "ancestorTitles": [
            "Application Routes Integration Tests",
            "GET /applications/my-applications"
          ],
          "fullName": "Application Routes Integration Tests GET /applications/my-applications should require email parameter",
          "status": "passed",
          "title": "should require email parameter",
          "duration": 1.804916999999989,
          "failureMessages": [],
          "meta": {}
        },
        {
          "ancestorTitles": [
            "Application Routes Integration Tests",
            "GET /applications/my-applications"
          ],
          "fullName": "Application Routes Integration Tests GET /applications/my-applications should return applications with job details",
          "status": "passed",
          "title": "should return applications with job details",
          "duration": 1.529707999999971,
          "failureMessages": [],
          "meta": {}
        },
        {
          "ancestorTitles": [
            "Application Routes Integration Tests",
            "GET /applications/my-applications"
          ],
          "fullName": "Application Routes Integration Tests GET /applications/my-applications should handle email addresses with special characters",
          "status": "passed",
          "title": "should handle email addresses with special characters",
          "duration": 3.131500000000017,
          "failureMessages": [],
          "meta": {}
        },
        {
          "ancestorTitles": ["Application Routes Integration Tests", "Application Status"],
          "fullName": "Application Routes Integration Tests Application Status should return applications with status field",
          "status": "passed",
          "title": "should return applications with status field",
          "duration": 1.3616250000000036,
          "failureMessages": [],
          "meta": {}
        },
        {
          "ancestorTitles": ["Application Routes Integration Tests", "Application Dates"],
          "fullName": "Application Routes Integration Tests Application Dates should include application timestamps",
          "status": "passed",
          "title": "should include application timestamps",
          "duration": 1.3620410000000334,
          "failureMessages": [],
          "meta": {}
        },
        {
          "ancestorTitles": ["Application Routes Integration Tests", "Response Format Consistency"],
          "fullName": "Application Routes Integration Tests Response Format Consistency application email should match query parameter",
          "status": "passed",
          "title": "application email should match query parameter",
          "duration": 2.9757909999999583,
          "failureMessages": [],
          "meta": {}
        },
        {
          "ancestorTitles": ["Application Routes Integration Tests", "Response Format Consistency"],
          "fullName": "Application Routes Integration Tests Response Format Consistency should return consistent application structure",
          "status": "passed",
          "title": "should return consistent application structure",
          "duration": 2.416334000000006,
          "failureMessages": [],
          "meta": {}
        },
        {
          "ancestorTitles": ["Application Routes Integration Tests", "Backend Connection"],
          "fullName": "Application Routes Integration Tests Backend Connection should properly handle application submission and retrieval",
          "status": "passed",
          "title": "should properly handle application submission and retrieval",
          "duration": 3.076000000000022,
          "failureMessages": [],
          "meta": {}
        }
      ],
      "startTime": 1762446530964,
      "endTime": 1762446531009.076,
      "status": "passed",
      "message": "",
      "name": "/Users/andrewlyttle/Documents/Engineering-Academy/Job-Application-App/team3-job-app-frontend/src/services/applications.integration.spec.ts"
    },
    {
      "assertionResults": [
        {
          "ancestorTitles": ["AuthService Password Validation", "validatePassword"],
          "fullName": "AuthService Password Validation validatePassword should reject passwords with 8 or fewer characters",
          "status": "passed",
          "title": "should reject passwords with 8 or fewer characters",
          "duration": 2.411416999999915,
          "failureMessages": [],
          "meta": {}
        },
        {
          "ancestorTitles": ["AuthService Password Validation", "validatePassword"],
          "fullName": "AuthService Password Validation validatePassword should reject passwords without uppercase letters",
          "status": "passed",
          "title": "should reject passwords without uppercase letters",
          "duration": 0.36370899999997164,
          "failureMessages": [],
          "meta": {}
        },
        {
          "ancestorTitles": ["AuthService Password Validation", "validatePassword"],
          "fullName": "AuthService Password Validation validatePassword should reject passwords without lowercase letters",
          "status": "passed",
          "title": "should reject passwords without lowercase letters",
          "duration": 0.27174999999999727,
          "failureMessages": [],
          "meta": {}
        },
        {
          "ancestorTitles": ["AuthService Password Validation", "validatePassword"],
          "fullName": "AuthService Password Validation validatePassword should reject passwords without special characters",
          "status": "passed",
          "title": "should reject passwords without special characters",
          "duration": 0.14037499999994907,
          "failureMessages": [],
          "meta": {}
        },
        {
          "ancestorTitles": ["AuthService Password Validation", "validatePassword"],
          "fullName": "AuthService Password Validation validatePassword should accept valid passwords",
          "status": "passed",
          "title": "should accept valid passwords",
          "duration": 0.6842080000000124,
          "failureMessages": [],
          "meta": {}
        },
        {
          "ancestorTitles": ["AuthService Password Validation", "validatePassword"],
          "fullName": "AuthService Password Validation validatePassword should reject passwords that are too long",
          "status": "passed",
          "title": "should reject passwords that are too long",
          "duration": 0.21791699999994307,
          "failureMessages": [],
          "meta": {}
        },
        {
          "ancestorTitles": ["AuthService Password Validation", "validatePassword"],
          "fullName": "AuthService Password Validation validatePassword should return multiple errors for passwords with multiple issues",
          "status": "passed",
          "title": "should return multiple errors for passwords with multiple issues",
          "duration": 0.1712079999999787,
          "failureMessages": [],
          "meta": {}
        }
      ],
      "startTime": 1762446531545,
      "endTime": 1762446531549.218,
      "status": "passed",
      "message": "",
      "name": "/Users/andrewlyttle/Documents/Engineering-Academy/Job-Application-App/team3-job-app-frontend/src/services/auth-service.test.ts"
    }
  ]
}
